<?xml version="1.0" encoding="UTF-8"?>
<testsuite name="com.helloworld.SpringBootRestApp.SpringBootRestAppApplicationTests" tests="1" skipped="0" failures="0" errors="0" timestamp="2022-05-04T06:06:24" hostname="Gopalas-MacBook-Air.local" time="0.414">
  <properties/>
  <testcase name="contextLoads()" classname="com.helloworld.SpringBootRestApp.SpringBootRestAppApplicationTests" time="0.414"/>
  <system-out><![CDATA[11:36:20.890 [Test worker] DEBUG org.springframework.test.context.BootstrapUtils - Instantiating CacheAwareContextLoaderDelegate from class [org.springframework.test.context.cache.DefaultCacheAwareContextLoaderDelegate]
11:36:20.903 [Test worker] DEBUG org.springframework.test.context.BootstrapUtils - Instantiating BootstrapContext using constructor [public org.springframework.test.context.support.DefaultBootstrapContext(java.lang.Class,org.springframework.test.context.CacheAwareContextLoaderDelegate)]
11:36:20.944 [Test worker] DEBUG org.springframework.test.context.BootstrapUtils - Instantiating TestContextBootstrapper for test class [com.helloworld.SpringBootRestApp.SpringBootRestAppApplicationTests] from class [org.springframework.boot.test.context.SpringBootTestContextBootstrapper]
11:36:20.957 [Test worker] INFO org.springframework.boot.test.context.SpringBootTestContextBootstrapper - Neither @ContextConfiguration nor @ContextHierarchy found for test class [com.helloworld.SpringBootRestApp.SpringBootRestAppApplicationTests], using SpringBootContextLoader
11:36:20.960 [Test worker] DEBUG org.springframework.test.context.support.AbstractContextLoader - Did not detect default resource location for test class [com.helloworld.SpringBootRestApp.SpringBootRestAppApplicationTests]: class path resource [com/helloworld/SpringBootRestApp/SpringBootRestAppApplicationTests-context.xml] does not exist
11:36:20.961 [Test worker] DEBUG org.springframework.test.context.support.AbstractContextLoader - Did not detect default resource location for test class [com.helloworld.SpringBootRestApp.SpringBootRestAppApplicationTests]: class path resource [com/helloworld/SpringBootRestApp/SpringBootRestAppApplicationTestsContext.groovy] does not exist
11:36:20.961 [Test worker] INFO org.springframework.test.context.support.AbstractContextLoader - Could not detect default resource locations for test class [com.helloworld.SpringBootRestApp.SpringBootRestAppApplicationTests]: no resource found for suffixes {-context.xml, Context.groovy}.
11:36:20.961 [Test worker] INFO org.springframework.test.context.support.AnnotationConfigContextLoaderUtils - Could not detect default configuration classes for test class [com.helloworld.SpringBootRestApp.SpringBootRestAppApplicationTests]: SpringBootRestAppApplicationTests does not declare any static, non-private, non-final, nested classes annotated with @Configuration.
11:36:21.017 [Test worker] DEBUG org.springframework.test.context.support.ActiveProfilesUtils - Could not find an 'annotation declaring class' for annotation type [org.springframework.test.context.ActiveProfiles] and class [com.helloworld.SpringBootRestApp.SpringBootRestAppApplicationTests]
11:36:21.136 [Test worker] DEBUG org.springframework.context.annotation.ClassPathScanningCandidateComponentProvider - Identified candidate component class: file [/Users/gopala/Documents/Sample Projects/SpringBootRestApp/build/classes/java/main/com/helloworld/SpringBootRestApp/SpringBootRestAppApplication.class]
11:36:21.138 [Test worker] INFO org.springframework.boot.test.context.SpringBootTestContextBootstrapper - Found @SpringBootConfiguration com.helloworld.SpringBootRestApp.SpringBootRestAppApplication for test class com.helloworld.SpringBootRestApp.SpringBootRestAppApplicationTests
11:36:21.233 [Test worker] DEBUG org.springframework.boot.test.context.SpringBootTestContextBootstrapper - @TestExecutionListeners is not present for class [com.helloworld.SpringBootRestApp.SpringBootRestAppApplicationTests]: using defaults.
11:36:21.233 [Test worker] INFO org.springframework.boot.test.context.SpringBootTestContextBootstrapper - Loaded default TestExecutionListener class names from location [META-INF/spring.factories]: [org.springframework.boot.test.autoconfigure.restdocs.RestDocsTestExecutionListener, org.springframework.boot.test.autoconfigure.web.client.MockRestServiceServerResetTestExecutionListener, org.springframework.boot.test.autoconfigure.web.servlet.MockMvcPrintOnlyOnFailureTestExecutionListener, org.springframework.boot.test.autoconfigure.web.servlet.WebDriverTestExecutionListener, org.springframework.boot.test.autoconfigure.webservices.client.MockWebServiceServerTestExecutionListener, org.springframework.boot.test.mock.mockito.MockitoTestExecutionListener, org.springframework.boot.test.mock.mockito.ResetMocksTestExecutionListener, org.springframework.test.context.web.ServletTestExecutionListener, org.springframework.test.context.support.DirtiesContextBeforeModesTestExecutionListener, org.springframework.test.context.event.ApplicationEventsTestExecutionListener, org.springframework.test.context.support.DependencyInjectionTestExecutionListener, org.springframework.test.context.support.DirtiesContextTestExecutionListener, org.springframework.test.context.transaction.TransactionalTestExecutionListener, org.springframework.test.context.jdbc.SqlScriptsTestExecutionListener, org.springframework.test.context.event.EventPublishingTestExecutionListener]
11:36:21.242 [Test worker] DEBUG org.springframework.boot.test.context.SpringBootTestContextBootstrapper - Skipping candidate TestExecutionListener [org.springframework.test.context.transaction.TransactionalTestExecutionListener] due to a missing dependency. Specify custom listener classes or make the default listener classes and their required dependencies available. Offending class: [org/springframework/transaction/TransactionDefinition]
11:36:21.242 [Test worker] DEBUG org.springframework.boot.test.context.SpringBootTestContextBootstrapper - Skipping candidate TestExecutionListener [org.springframework.test.context.jdbc.SqlScriptsTestExecutionListener] due to a missing dependency. Specify custom listener classes or make the default listener classes and their required dependencies available. Offending class: [org/springframework/transaction/interceptor/TransactionAttribute]
11:36:21.242 [Test worker] INFO org.springframework.boot.test.context.SpringBootTestContextBootstrapper - Using TestExecutionListeners: [org.springframework.test.context.web.ServletTestExecutionListener@1df98368, org.springframework.test.context.support.DirtiesContextBeforeModesTestExecutionListener@21ca139c, org.springframework.test.context.event.ApplicationEventsTestExecutionListener@226f885f, org.springframework.boot.test.mock.mockito.MockitoTestExecutionListener@2cd2c8fe, org.springframework.boot.test.autoconfigure.SpringBootDependencyInjectionTestExecutionListener@7d61eccf, org.springframework.test.context.support.DirtiesContextTestExecutionListener@cc6460c, org.springframework.test.context.event.EventPublishingTestExecutionListener@52350abb, org.springframework.boot.test.autoconfigure.restdocs.RestDocsTestExecutionListener@681aad3b, org.springframework.boot.test.autoconfigure.web.client.MockRestServiceServerResetTestExecutionListener@1a6f2363, org.springframework.boot.test.autoconfigure.web.servlet.MockMvcPrintOnlyOnFailureTestExecutionListener@2427e004, org.springframework.boot.test.autoconfigure.web.servlet.WebDriverTestExecutionListener@5ebd56e9, org.springframework.boot.test.autoconfigure.webservices.client.MockWebServiceServerTestExecutionListener@63f34b70, org.springframework.boot.test.mock.mockito.ResetMocksTestExecutionListener@641856]
11:36:21.246 [Test worker] DEBUG org.springframework.test.context.support.AbstractDirtiesContextTestExecutionListener - Before test class: context [DefaultTestContext@1051817b testClass = SpringBootRestAppApplicationTests, testInstance = [null], testMethod = [null], testException = [null], mergedContextConfiguration = [WebMergedContextConfiguration@35293c05 testClass = SpringBootRestAppApplicationTests, locations = '{}', classes = '{class com.helloworld.SpringBootRestApp.SpringBootRestAppApplication}', contextInitializerClasses = '[]', activeProfiles = '{}', propertySourceLocations = '{}', propertySourceProperties = '{org.springframework.boot.test.context.SpringBootTestContextBootstrapper=true}', contextCustomizers = set[org.springframework.boot.test.autoconfigure.actuate.metrics.MetricsExportContextCustomizerFactory$DisableMetricExportContextCustomizer@68044f4, org.springframework.boot.test.autoconfigure.properties.PropertyMappingContextCustomizer@0, org.springframework.boot.test.autoconfigure.web.servlet.WebDriverContextCustomizerFactory$Customizer@424fd310, org.springframework.boot.test.context.filter.ExcludeFilterContextCustomizer@5c530d1e, org.springframework.boot.test.json.DuplicateJsonObjectContextCustomizerFactory$DuplicateJsonObjectContextCustomizer@c5ee75e, org.springframework.boot.test.mock.mockito.MockitoContextCustomizer@0, org.springframework.boot.test.web.client.TestRestTemplateContextCustomizer@47c4ecdc, org.springframework.boot.test.context.SpringBootTestArgs@1, org.springframework.boot.test.context.SpringBootTestWebEnvironment@169bb4dd], resourceBasePath = 'src/main/webapp', contextLoader = 'org.springframework.boot.test.context.SpringBootContextLoader', parent = [null]], attributes = map['org.springframework.test.context.web.ServletTestExecutionListener.activateListener' -> true]], class annotated with @DirtiesContext [false] with mode [null].

  .   ____          _            __ _ _
 /\\ / ___'_ __ _ _(_)_ __  __ _ \ \ \ \
( ( )\___ | '_ | '_| | '_ \/ _` | \ \ \ \
 \\/  ___)| |_)| | | | | || (_| |  ) ) ) )
  '  |____| .__|_| |_|_| |_\__, | / / / /
 =========|_|==============|___/=/_/_/_/
 :: Spring Boot ::                (v2.6.7)

2022-05-04 11:36:22.022  INFO 5916 --- [    Test worker] c.h.S.SpringBootRestAppApplicationTests  : Starting SpringBootRestAppApplicationTests using Java 11.0.14 on Gopalas-MacBook-Air.local with PID 5916 (started by gopala in /Users/gopala/Documents/Sample Projects/SpringBootRestApp)
2022-05-04 11:36:22.024  INFO 5916 --- [    Test worker] c.h.S.SpringBootRestAppApplicationTests  : No active profile set, falling back to 1 default profile: "default"
2022-05-04 11:36:24.376  INFO 5916 --- [    Test worker] c.h.S.SpringBootRestAppApplicationTests  : Started SpringBootRestAppApplicationTests in 3.069 seconds (JVM running for 4.644)
]]></system-out>
  <system-err><![CDATA[]]></system-err>
</testsuite>
